0 silly argv { _: [ 'create' ],
0 silly argv   lernaVersion: '3.20.2',
0 silly argv   '$0':
0 silly argv    '/Users/mbuffa/Documents/Recherche/WASABI/WAD2.0_SDK/webaudioplugin/node_modules/.bin/lerna',
0 silly argv   name: 'quadrafuzz_without_builder' }
1 notice cli v3.20.2
2 verbose rootPath /Users/mbuffa/Documents/Recherche/WASABI/WAD2.0_SDK/webaudioplugin
3 error Error: canceled
3 error     at Interface.<anonymous> (/Users/mbuffa/Documents/Recherche/WASABI/WAD2.0_SDK/webaudioplugin/node_modules/read/lib/read.js:66:13)
3 error     at Interface.emit (events.js:198:13)
3 error     at Interface._ttyWrite (readline.js:801:16)
3 error     at ReadStream.onkeypress (readline.js:184:10)
3 error     at ReadStream.emit (events.js:198:13)
3 error     at emitKeys (internal/readline.js:424:14)
3 error     at emitKeys.next (<anonymous>)
3 error     at ReadStream.onData (readline.js:1075:36)
3 error     at ReadStream.emit (events.js:198:13)
3 error     at addChunk (_stream_readable.js:288:12)
3 error     at readableAddChunk (_stream_readable.js:269:11)
3 error     at ReadStream.Readable.push (_stream_readable.js:224:10)
